Arguments: 
  /usr/bin/node /home/oadmin/.yvm/versions/v1.21.1/bin/yarn.js add morgan

PATH: 
  /home/oadmin/.yvm/shim:/usr/local/sbin:/usr/local/bin:/usr/sbin:/usr/bin:/sbin:/bin:/usr/games:/usr/local/games:/snap/bin

Yarn version: 
  1.21.1

Node version: 
  10.18.1

Platform: 
  linux x64

Trace: 
  SyntaxError: /home/oadmin/sources/sandbox/advanced-kubernetes/simple servers/simple-server-1/package.json: Unexpected end of JSON input
      at JSON.parse (<anonymous>)
      at /home/oadmin/.yvm/versions/v1.21.1/lib/cli.js:1625:59
      at Generator.next (<anonymous>)
      at step (/home/oadmin/.yvm/versions/v1.21.1/lib/cli.js:310:30)
      at /home/oadmin/.yvm/versions/v1.21.1/lib/cli.js:321:13

npm manifest: 
  

yarn manifest: 
  No manifest

Lockfile: 
  No lockfile
